raper@ubuntu:~/Desktop/OS2025/lab2/4/4_1$ date
Mon Apr  7 04:43:01 PM UTC 2025

raper@ubuntu:~/Desktop/OS2025/lab2/4/4_1$ gcc main.c -o main
raper@ubuntu:~/Desktop/OS2025/lab2/4/4_1$ ./main 

# Программа выводит информацию о потоках:
Thread (pthread) PID=4618, TID=4619  # Вывод информации о потоке, созданном с помощью pthread
Thread (clone) PID=4618, TID=4621   # Вывод информации о потоке, созданном с помощью clone
Main process PID=4618, TID=4618     # Вывод информации о главном процессе (основной поток)
Thread (pthread) PID=4618, TID=4620  # Вывод информации о другом pthread-потоке

# Выполнение команды ps для вывода потоков:
PID    SPID TTY          TIME CMD  # Стандартный вывод информации о процессах и потоках с помощью команды ps
   4618    4618 pts/0    00:00:00 main  # Основной процесс
   4618    4619 pts/0    00:00:00 main  # Первый поток, созданный с pthread_create
   4618    4620 pts/0    00:00:00 main  # Второй поток, созданный с pthread_create
   4618    4621 pts/0    00:00:00 main  # Поток, созданный с помощью clone
^Z
[2]+  Stopped                 ./main
raper@ubuntu:~/Desktop/OS2025/lab2/4/4_1$ ls -l /proc/4618/task/  # Просмотр каталога с задачами (потоками) процесса с PID 4618
total 0
dr-xr-xr-x 7 raper raper 0 Apr  7 16:47 4618  # Главный поток процесса (PID 4618)
dr-xr-xr-x 7 raper raper 0 Apr  7 16:47 4619  # Первый поток (PID 4619)
dr-xr-xr-x 7 raper raper 0 Apr  7 16:47 4620  # Второй поток (PID 4620)
dr-xr-xr-x 7 raper raper 0 Apr  7 16:47 4621  # Поток, созданный через clone (PID 4621)

