raper@ubuntu:~/Desktop/OS2025/lab2/4/4_3$ date
Mon Apr  7 05:49:36 PM UTC 2025

raper@ubuntu:~/Desktop/OS2025/lab2/4/4_3$ gcc main.c -o main
raper@ubuntu:~/Desktop/OS2025/lab2/4/4_3$ ./main 
Creating thread...
Main thread [7994]: Global var = 25
Thread [7995] received signal: 10
Thread [7995]: Global var = 35
Thread [7995]: Current working directory = /home/raper/Desktop/OS2025/lab2/4/4_3

raper@ubuntu:~/Desktop/OS2025/lab2/4/4_3$ touch proc3.c
raper@ubuntu:~/Desktop/OS2025/lab2/4/4_3$ gcc proc3.c -o proc
raper@ubuntu:~/Desktop/OS2025/lab2/4/4_3$ gcc proc3.c -o proc3
raper@ubuntu:~/Desktop/OS2025/lab2/4/4_3$ ./proc3 
Creating threads...
Thread [6366]: Opening file with descriptor 3
Thread [6366]: File written, now closing the file
Thread [6367]: Opening file with descriptor 3
Thread [6367]: File written, now closing the file
Thread [6366]: File closed
Thread [6366]: Error: cannot write after file is closed
Thread [6366] received signal: 10 at time 1744618300.677512
Thread [6367]: File closed
Thread [6367]: Error: cannot write after file is closed
Thread [6367] received signal: 10 at time 1744618300.677633
Time difference between signals: 0 seconds and 121 microseconds
Main thread: File is already closed by threads


# Результаты работы программы говорят о том, что она успешно выполняет многозадачность с потоками и демонстрирует использование общих ресурсов.
